mkdir: cannot create directory ‘/users/l/s/lsantane/projects/eco_genomics_2025/population_genomics/myresults/ANGSD/PCA_ADMIX’: File exists
cp: cannot stat '/gpfs1/cl/ecogen/pbio6800/PopulationGenomics/ANGSD/K5_RSBS_bam.list': No such file or directory
------------------------------------
PCAngsd v1.36.1
Jonas Meisner and Anders Albrechtsen
Using 10 thread(s)
------------------------------------

Parsing Beagle file.
Loaded 971934 sites and 113 samples.
Estimating minor allele frequencies.
EM (MAF) converged at iteration: 7
Number of sites after MAF filtering (0.05): 697053

Estimating covariance matrix.
Using 4 principal components (manually selected).
Individual allele frequencies estimated (1).
Individual allele frequencies estimated (2).	RMSE=0.0941618
Individual allele frequencies estimated (3).	RMSE=0.0940812
Individual allele frequencies estimated (4).	RMSE=0.0940741
Individual allele frequencies estimated (5).	RMSE=0.0041412
Individual allele frequencies estimated (6).	RMSE=0.0008196
Individual allele frequencies estimated (7).	RMSE=0.0940811
Individual allele frequencies estimated (8).	RMSE=0.0021080
Individual allele frequencies estimated (9).	RMSE=0.0027871
Individual allele frequencies estimated (10).	RMSE=0.0940723
Individual allele frequencies estimated (11).	RMSE=0.0036206
Individual allele frequencies estimated (12).	RMSE=0.0038539
Individual allele frequencies estimated (13).	RMSE=0.0039386
Individual allele frequencies estimated (14).	RMSE=0.0039293
Individual allele frequencies estimated (15).	RMSE=0.0037710
Individual allele frequencies estimated (16).	RMSE=0.0034921
Individual allele frequencies estimated (17).	RMSE=0.0031647
Individual allele frequencies estimated (18).	RMSE=0.0940721
Individual allele frequencies estimated (19).	RMSE=0.0024059
Individual allele frequencies estimated (20).	RMSE=0.0020800
Individual allele frequencies estimated (21).	RMSE=0.0018057
Individual allele frequencies estimated (22).	RMSE=0.0015344
Individual allele frequencies estimated (23).	RMSE=0.0013109
Individual allele frequencies estimated (24).	RMSE=0.0011206
Individual allele frequencies estimated (25).	RMSE=0.0009691
Individual allele frequencies estimated (26).	RMSE=0.0008165
Individual allele frequencies estimated (27).	RMSE=0.0006840
Individual allele frequencies estimated (28).	RMSE=0.0005676
Individual allele frequencies estimated (29).	RMSE=0.0004882
Individual allele frequencies estimated (30).	RMSE=0.0004088
Individual allele frequencies estimated (31).	RMSE=0.0003568
Individual allele frequencies estimated (32).	RMSE=0.0002787
Individual allele frequencies estimated (33).	RMSE=0.0002330
Individual allele frequencies estimated (34).	RMSE=0.0001905
Individual allele frequencies estimated (35).	RMSE=0.0001555
Individual allele frequencies estimated (36).	RMSE=0.0001242
Individual allele frequencies estimated (37).	RMSE=0.0001008
Individual allele frequencies estimated (38).	RMSE=0.0000878
Individual allele frequencies estimated (39).	RMSE=0.0000802
Individual allele frequencies estimated (40).	RMSE=0.0000789
Individual allele frequencies estimated (41).	RMSE=0.0000833
Individual allele frequencies estimated (42).	RMSE=0.0000876
Individual allele frequencies estimated (43).	RMSE=0.0000966
Individual allele frequencies estimated (44).	RMSE=0.0001054
Individual allele frequencies estimated (45).	RMSE=0.0001108
Individual allele frequencies estimated (46).	RMSE=0.0001103
Individual allele frequencies estimated (47).	RMSE=0.0001174
Individual allele frequencies estimated (48).	RMSE=0.0001147
Individual allele frequencies estimated (49).	RMSE=0.0001154
Individual allele frequencies estimated (50).	RMSE=0.0001272
Individual allele frequencies estimated (51).	RMSE=0.0001286
Individual allele frequencies estimated (52).	RMSE=0.0001188
Individual allele frequencies estimated (53).	RMSE=0.0001380
Individual allele frequencies estimated (54).	RMSE=0.0001421
Individual allele frequencies estimated (55).	RMSE=0.0001424
Individual allele frequencies estimated (56).	RMSE=0.0001385
Individual allele frequencies estimated (57).	RMSE=0.0001407
Individual allele frequencies estimated (58).	RMSE=0.0001462
Individual allele frequencies estimated (59).	RMSE=0.0001452
Individual allele frequencies estimated (60).	RMSE=0.0001427
Individual allele frequencies estimated (61).	RMSE=0.0001442
Individual allele frequencies estimated (62).	RMSE=0.0001427
Individual allele frequencies estimated (63).	RMSE=0.0001386
Individual allele frequencies estimated (64).	RMSE=0.0001399
Individual allele frequencies estimated (65).	RMSE=0.0001360
Individual allele frequencies estimated (66).	RMSE=0.0001348
Individual allele frequencies estimated (67).	RMSE=0.0001367
Individual allele frequencies estimated (68).	RMSE=0.0001408
Individual allele frequencies estimated (69).	RMSE=0.0001361
Individual allele frequencies estimated (70).	RMSE=0.0001278
Individual allele frequencies estimated (71).	RMSE=0.0001268
Individual allele frequencies estimated (72).	RMSE=0.0001264
Individual allele frequencies estimated (73).	RMSE=0.0001237
Individual allele frequencies estimated (74).	RMSE=0.0001321
Individual allele frequencies estimated (75).	RMSE=0.0001297
Individual allele frequencies estimated (76).	RMSE=0.0001221
Individual allele frequencies estimated (77).	RMSE=0.0001195
Individual allele frequencies estimated (78).	RMSE=0.0001173
Individual allele frequencies estimated (79).	RMSE=0.0001156
Individual allele frequencies estimated (80).	RMSE=0.0001135
Individual allele frequencies estimated (81).	RMSE=0.0001157
Individual allele frequencies estimated (82).	RMSE=0.0001183
Individual allele frequencies estimated (83).	RMSE=0.0001120
Individual allele frequencies estimated (84).	RMSE=0.0001095
Individual allele frequencies estimated (85).	RMSE=0.0001068
Individual allele frequencies estimated (86).	RMSE=0.0001029
Individual allele frequencies estimated (87).	RMSE=0.0001017
Individual allele frequencies estimated (88).	RMSE=0.0000948
Individual allele frequencies estimated (89).	RMSE=0.0000977
Individual allele frequencies estimated (90).	RMSE=0.0000954
Individual allele frequencies estimated (91).	RMSE=0.0000921
Individual allele frequencies estimated (92).	RMSE=0.0000905
Individual allele frequencies estimated (93).	RMSE=0.0000856
Individual allele frequencies estimated (94).	RMSE=0.0000840
Individual allele frequencies estimated (95).	RMSE=0.0940721
Individual allele frequencies estimated (96).	RMSE=0.0000799
Individual allele frequencies estimated (97).	RMSE=0.0000848
Individual allele frequencies estimated (98).	RMSE=0.0000845
Individual allele frequencies estimated (99).	RMSE=0.0000860
Individual allele frequencies estimated (100).	RMSE=0.0000789
Individual allele frequencies estimated (101).	RMSE=0.0000771
PCAngsd did not converge!
Saved covariance matrix as /users/l/s/lsantane/projects/eco_genomics_2025/population_genomics/myresults/ANGSD/PCA_ADMIX/RSBS_poly_K5.cov

Estimating admixture proportions using NMF (CSG-MU).
K=5, Alpha=0.0, Batches=10, Seed=0
CSG-MU (1).	RMSE=0.198563099
CSG-MU (2).	RMSE=0.137691979
CSG-MU (3).	RMSE=0.056127312
CSG-MU (4).	RMSE=0.099683967
CSG-MU (5).	RMSE=0.036628904
CSG-MU (6).	RMSE=0.016175173
CSG-MU (7).	RMSE=0.007837866
CSG-MU (8).	RMSE=0.004076171
CSG-MU (9).	RMSE=0.002009613
CSG-MU (10).	RMSE=0.001116482
CSG-MU (11).	RMSE=0.000634713
CSG-MU (12).	RMSE=0.000384100
CSG-MU (13).	RMSE=0.000251415
CSG-MU (14).	RMSE=0.000167819
CSG-MU (15).	RMSE=0.000108760
CSG-MU (16).	RMSE=0.000073192
CSG-MU (17).	RMSE=0.000050981
CSG-MU (18).	RMSE=0.000035307
CSG-MU (19).	RMSE=0.000025913
CSG-MU (20).	RMSE=0.000018801
CSG-MU (21).	RMSE=0.000014219
CSG-MU (22).	RMSE=0.000011303
CSG-MU (23).	RMSE=0.000009169
Converged.
Frobenius error: 95.27813
Log-likelihood: -58914358.51421
Saved admixture proportions as /users/l/s/lsantane/projects/eco_genomics_2025/population_genomics/myresults/ANGSD/PCA_ADMIX/RSBS_poly_K5.admix.5.Q
Saved ancestral allele frequencies proportions as /users/l/s/lsantane/projects/eco_genomics_2025/population_genomics/myresults/ANGSD/PCA_ADMIX/RSBS_poly_K5.admix.5.P

Total elapsed time: 5m53s
