mkdir: cannot create directory ‘/users/l/s/lsantane/projects/eco_genomics_2025/population_genomics/myresults/ANGSD/PCA_ADMIX’: File exists
------------------------------------
PCAngsd v1.36.1
Jonas Meisner and Anders Albrechtsen
Using 10 thread(s)
------------------------------------

Parsing Beagle file.
Loaded 971934 sites and 113 samples.
Estimating minor allele frequencies.
EM (MAF) converged at iteration: 7
Number of sites after MAF filtering (0.05): 697053

Estimating covariance matrix.
Using 3 principal components (manually selected).
Individual allele frequencies estimated (1).
Individual allele frequencies estimated (2).	RMSE=0.0060723
Individual allele frequencies estimated (3).	RMSE=0.0027868
Individual allele frequencies estimated (4).	RMSE=0.0015912
Individual allele frequencies estimated (5).	RMSE=0.0010834
Individual allele frequencies estimated (6).	RMSE=0.1086263
Individual allele frequencies estimated (7).	RMSE=0.0006688
Individual allele frequencies estimated (8).	RMSE=0.0005612
Individual allele frequencies estimated (9).	RMSE=0.0004814
Individual allele frequencies estimated (10).	RMSE=0.0004170
Individual allele frequencies estimated (11).	RMSE=0.0003641
Individual allele frequencies estimated (12).	RMSE=0.0003176
Individual allele frequencies estimated (13).	RMSE=0.0002801
Individual allele frequencies estimated (14).	RMSE=0.0002478
Individual allele frequencies estimated (15).	RMSE=0.0002217
Individual allele frequencies estimated (16).	RMSE=0.0001989
Individual allele frequencies estimated (17).	RMSE=0.0001791
Individual allele frequencies estimated (18).	RMSE=0.0001611
Individual allele frequencies estimated (19).	RMSE=0.0001475
Individual allele frequencies estimated (20).	RMSE=0.0001336
Individual allele frequencies estimated (21).	RMSE=0.0001224
Individual allele frequencies estimated (22).	RMSE=0.0001129
Individual allele frequencies estimated (23).	RMSE=0.0001043
Individual allele frequencies estimated (24).	RMSE=0.0000973
Individual allele frequencies estimated (25).	RMSE=0.0000905
Individual allele frequencies estimated (26).	RMSE=0.0000846
Individual allele frequencies estimated (27).	RMSE=0.0000796
Individual allele frequencies estimated (28).	RMSE=0.0000752
Individual allele frequencies estimated (29).	RMSE=0.0000711
Individual allele frequencies estimated (30).	RMSE=0.0000674
Individual allele frequencies estimated (31).	RMSE=0.0000644
Individual allele frequencies estimated (32).	RMSE=0.0000615
Individual allele frequencies estimated (33).	RMSE=0.0000588
Individual allele frequencies estimated (34).	RMSE=0.0000562
Individual allele frequencies estimated (35).	RMSE=0.0000541
Individual allele frequencies estimated (36).	RMSE=0.0000518
Individual allele frequencies estimated (37).	RMSE=0.0000498
Individual allele frequencies estimated (38).	RMSE=0.0000480
Individual allele frequencies estimated (39).	RMSE=0.0000461
Individual allele frequencies estimated (40).	RMSE=0.0000447
Individual allele frequencies estimated (41).	RMSE=0.0000429
Individual allele frequencies estimated (42).	RMSE=0.0000414
Individual allele frequencies estimated (43).	RMSE=0.0000400
Individual allele frequencies estimated (44).	RMSE=0.0000387
Individual allele frequencies estimated (45).	RMSE=0.0000371
Individual allele frequencies estimated (46).	RMSE=0.0000360
Individual allele frequencies estimated (47).	RMSE=0.0000346
Individual allele frequencies estimated (48).	RMSE=0.0000335
Individual allele frequencies estimated (49).	RMSE=0.0000321
Individual allele frequencies estimated (50).	RMSE=0.0000311
Individual allele frequencies estimated (51).	RMSE=0.0000302
Individual allele frequencies estimated (52).	RMSE=0.0000290
Individual allele frequencies estimated (53).	RMSE=0.0000278
Individual allele frequencies estimated (54).	RMSE=0.0000269
Individual allele frequencies estimated (55).	RMSE=0.0000259
Individual allele frequencies estimated (56).	RMSE=0.0000248
Individual allele frequencies estimated (57).	RMSE=0.0000241
Individual allele frequencies estimated (58).	RMSE=0.0000232
Individual allele frequencies estimated (59).	RMSE=0.0000222
Individual allele frequencies estimated (60).	RMSE=0.0000216
Individual allele frequencies estimated (61).	RMSE=0.0000208
Individual allele frequencies estimated (62).	RMSE=0.0000201
Individual allele frequencies estimated (63).	RMSE=0.0000194
Individual allele frequencies estimated (64).	RMSE=0.0000188
Individual allele frequencies estimated (65).	RMSE=0.0000180
Individual allele frequencies estimated (66).	RMSE=0.0000173
Individual allele frequencies estimated (67).	RMSE=0.0000167
Individual allele frequencies estimated (68).	RMSE=0.0000161
Individual allele frequencies estimated (69).	RMSE=0.0000156
Individual allele frequencies estimated (70).	RMSE=0.0000150
Individual allele frequencies estimated (71).	RMSE=0.0000146
Individual allele frequencies estimated (72).	RMSE=0.0000142
Individual allele frequencies estimated (73).	RMSE=0.0000137
Individual allele frequencies estimated (74).	RMSE=0.0000131
Individual allele frequencies estimated (75).	RMSE=0.0000128
Individual allele frequencies estimated (76).	RMSE=0.0000125
Individual allele frequencies estimated (77).	RMSE=0.0000123
Individual allele frequencies estimated (78).	RMSE=0.0000117
Individual allele frequencies estimated (79).	RMSE=0.0000116
Individual allele frequencies estimated (80).	RMSE=0.0000111
Individual allele frequencies estimated (81).	RMSE=0.0000107
Individual allele frequencies estimated (82).	RMSE=0.0000105
Individual allele frequencies estimated (83).	RMSE=0.0000102
Individual allele frequencies estimated (84).	RMSE=0.0000100
PCAngsd converged.
Saved covariance matrix as /users/l/s/lsantane/projects/eco_genomics_2025/population_genomics/myresults/ANGSD/PCA_ADMIX/RSBS_poly_K4.cov

Estimating admixture proportions using NMF (CSG-MU).
K=4, Alpha=0.0, Batches=10, Seed=0
CSG-MU (1).	RMSE=0.232065863
CSG-MU (2).	RMSE=0.120853948
CSG-MU (3).	RMSE=0.119328328
CSG-MU (4).	RMSE=0.045067725
CSG-MU (5).	RMSE=0.015114791
CSG-MU (6).	RMSE=0.006031573
CSG-MU (7).	RMSE=0.002842536
CSG-MU (8).	RMSE=0.001530917
CSG-MU (9).	RMSE=0.000916224
CSG-MU (10).	RMSE=0.000575479
CSG-MU (11).	RMSE=0.000382880
CSG-MU (12).	RMSE=0.000259162
CSG-MU (13).	RMSE=0.000179056
CSG-MU (14).	RMSE=0.000127028
CSG-MU (15).	RMSE=0.000091762
CSG-MU (16).	RMSE=0.000066869
CSG-MU (17).	RMSE=0.000050057
CSG-MU (18).	RMSE=0.000037163
CSG-MU (19).	RMSE=0.000030721
CSG-MU (20).	RMSE=0.000022328
CSG-MU (21).	RMSE=0.000019324
CSG-MU (22).	RMSE=0.000014429
CSG-MU (23).	RMSE=0.000011229
CSG-MU (24).	RMSE=0.000009923
Converged.
Frobenius error: 74.19161
Log-likelihood: -59268689.65177
Saved admixture proportions as /users/l/s/lsantane/projects/eco_genomics_2025/population_genomics/myresults/ANGSD/PCA_ADMIX/RSBS_poly_K4.admix.4.Q
Saved ancestral allele frequencies proportions as /users/l/s/lsantane/projects/eco_genomics_2025/population_genomics/myresults/ANGSD/PCA_ADMIX/RSBS_poly_K4.admix.4.P

Total elapsed time: 5m22s
