mkdir: cannot create directory ‘/users/l/s/lsantane/projects/eco_genomics_2025/population_genomics/myresults/ANGSD/PCA_ADMIX’: File exists
------------------------------------
PCAngsd v1.36.1
Jonas Meisner and Anders Albrechtsen
Using 10 thread(s)
------------------------------------

Parsing Beagle file.
Loaded 971934 sites and 113 samples.
Estimating minor allele frequencies.
EM (MAF) converged at iteration: 7
Number of sites after MAF filtering (0.05): 697053

Estimating covariance matrix.
Using 4 principal components (manually selected).
Individual allele frequencies estimated (1).
Individual allele frequencies estimated (2).	RMSE=0.0941618
Individual allele frequencies estimated (3).	RMSE=0.0940812
Individual allele frequencies estimated (4).	RMSE=0.0940741
Individual allele frequencies estimated (5).	RMSE=0.0041400
Individual allele frequencies estimated (6).	RMSE=0.0008194
Individual allele frequencies estimated (7).	RMSE=0.0940812
Individual allele frequencies estimated (8).	RMSE=0.0021085
Individual allele frequencies estimated (9).	RMSE=0.0027861
Individual allele frequencies estimated (10).	RMSE=0.0940723
Individual allele frequencies estimated (11).	RMSE=0.0036205
Individual allele frequencies estimated (12).	RMSE=0.0038527
Individual allele frequencies estimated (13).	RMSE=0.0039404
Individual allele frequencies estimated (14).	RMSE=0.0039277
Individual allele frequencies estimated (15).	RMSE=0.0037728
Individual allele frequencies estimated (16).	RMSE=0.0034902
Individual allele frequencies estimated (17).	RMSE=0.0031652
Individual allele frequencies estimated (18).	RMSE=0.0940721
Individual allele frequencies estimated (19).	RMSE=0.0024058
Individual allele frequencies estimated (20).	RMSE=0.0020809
Individual allele frequencies estimated (21).	RMSE=0.0018066
Individual allele frequencies estimated (22).	RMSE=0.0015358
Individual allele frequencies estimated (23).	RMSE=0.0013102
Individual allele frequencies estimated (24).	RMSE=0.0011205
Individual allele frequencies estimated (25).	RMSE=0.0009689
Individual allele frequencies estimated (26).	RMSE=0.0008167
Individual allele frequencies estimated (27).	RMSE=0.0006816
Individual allele frequencies estimated (28).	RMSE=0.0005711
Individual allele frequencies estimated (29).	RMSE=0.0004893
Individual allele frequencies estimated (30).	RMSE=0.0004086
Individual allele frequencies estimated (31).	RMSE=0.0003551
Individual allele frequencies estimated (32).	RMSE=0.0002812
Individual allele frequencies estimated (33).	RMSE=0.0002319
Individual allele frequencies estimated (34).	RMSE=0.0001907
Individual allele frequencies estimated (35).	RMSE=0.0001578
Individual allele frequencies estimated (36).	RMSE=0.0001243
Individual allele frequencies estimated (37).	RMSE=0.0001008
Individual allele frequencies estimated (38).	RMSE=0.0000872
Individual allele frequencies estimated (39).	RMSE=0.0000802
Individual allele frequencies estimated (40).	RMSE=0.0000790
Individual allele frequencies estimated (41).	RMSE=0.0000827
Individual allele frequencies estimated (42).	RMSE=0.0000869
Individual allele frequencies estimated (43).	RMSE=0.0000947
Individual allele frequencies estimated (44).	RMSE=0.0001055
Individual allele frequencies estimated (45).	RMSE=0.0001119
Individual allele frequencies estimated (46).	RMSE=0.0001097
Individual allele frequencies estimated (47).	RMSE=0.0001185
Individual allele frequencies estimated (48).	RMSE=0.0001159
Individual allele frequencies estimated (49).	RMSE=0.0001150
Individual allele frequencies estimated (50).	RMSE=0.0001262
Individual allele frequencies estimated (51).	RMSE=0.0001307
Individual allele frequencies estimated (52).	RMSE=0.0001201
Individual allele frequencies estimated (53).	RMSE=0.0001392
Individual allele frequencies estimated (54).	RMSE=0.0001398
Individual allele frequencies estimated (55).	RMSE=0.0001419
Individual allele frequencies estimated (56).	RMSE=0.0001391
Individual allele frequencies estimated (57).	RMSE=0.0001410
Individual allele frequencies estimated (58).	RMSE=0.0001453
Individual allele frequencies estimated (59).	RMSE=0.0001465
Individual allele frequencies estimated (60).	RMSE=0.0001425
Individual allele frequencies estimated (61).	RMSE=0.0001476
Individual allele frequencies estimated (62).	RMSE=0.0001429
Individual allele frequencies estimated (63).	RMSE=0.0001403
Individual allele frequencies estimated (64).	RMSE=0.0001395
Individual allele frequencies estimated (65).	RMSE=0.0001366
Individual allele frequencies estimated (66).	RMSE=0.0001330
Individual allele frequencies estimated (67).	RMSE=0.0001355
Individual allele frequencies estimated (68).	RMSE=0.0001423
Individual allele frequencies estimated (69).	RMSE=0.0001370
Individual allele frequencies estimated (70).	RMSE=0.0001266
Individual allele frequencies estimated (71).	RMSE=0.0001257
Individual allele frequencies estimated (72).	RMSE=0.0001267
Individual allele frequencies estimated (73).	RMSE=0.0001246
Individual allele frequencies estimated (74).	RMSE=0.0001314
Individual allele frequencies estimated (75).	RMSE=0.0001276
Individual allele frequencies estimated (76).	RMSE=0.0001208
Individual allele frequencies estimated (77).	RMSE=0.0001198
Individual allele frequencies estimated (78).	RMSE=0.0001176
Individual allele frequencies estimated (79).	RMSE=0.0001165
Individual allele frequencies estimated (80).	RMSE=0.0001125
Individual allele frequencies estimated (81).	RMSE=0.0001162
Individual allele frequencies estimated (82).	RMSE=0.0001184
Individual allele frequencies estimated (83).	RMSE=0.0001108
Individual allele frequencies estimated (84).	RMSE=0.0001095
Individual allele frequencies estimated (85).	RMSE=0.0001062
Individual allele frequencies estimated (86).	RMSE=0.0001009
Individual allele frequencies estimated (87).	RMSE=0.0001043
Individual allele frequencies estimated (88).	RMSE=0.0000976
Individual allele frequencies estimated (89).	RMSE=0.0000976
Individual allele frequencies estimated (90).	RMSE=0.0000956
Individual allele frequencies estimated (91).	RMSE=0.0000908
Individual allele frequencies estimated (92).	RMSE=0.0000884
Individual allele frequencies estimated (93).	RMSE=0.0000857
Individual allele frequencies estimated (94).	RMSE=0.0000841
Individual allele frequencies estimated (95).	RMSE=0.0940721
Individual allele frequencies estimated (96).	RMSE=0.0000810
Individual allele frequencies estimated (97).	RMSE=0.0000837
Individual allele frequencies estimated (98).	RMSE=0.0000861
Individual allele frequencies estimated (99).	RMSE=0.0000874
Individual allele frequencies estimated (100).	RMSE=0.0000792
Individual allele frequencies estimated (101).	RMSE=0.0000790
PCAngsd did not converge!
Saved covariance matrix as /users/l/s/lsantane/projects/eco_genomics_2025/population_genomics/myresults/ANGSD/PCA_ADMIX/RSBS_poly_K5.cov

Estimating admixture proportions using NMF (CSG-MU).
K=5, Alpha=0.0, Batches=10, Seed=0
CSG-MU (1).	RMSE=0.198563094
CSG-MU (2).	RMSE=0.137692215
CSG-MU (3).	RMSE=0.056148555
CSG-MU (4).	RMSE=0.099670242
CSG-MU (5).	RMSE=0.036614565
CSG-MU (6).	RMSE=0.016165515
CSG-MU (7).	RMSE=0.007842105
CSG-MU (8).	RMSE=0.004074520
CSG-MU (9).	RMSE=0.002025891
CSG-MU (10).	RMSE=0.001102619
CSG-MU (11).	RMSE=0.000632194
CSG-MU (12).	RMSE=0.000384545
CSG-MU (13).	RMSE=0.000252575
CSG-MU (14).	RMSE=0.000167690
CSG-MU (15).	RMSE=0.000108290
CSG-MU (16).	RMSE=0.000073065
CSG-MU (17).	RMSE=0.000050319
CSG-MU (18).	RMSE=0.000035850
CSG-MU (19).	RMSE=0.000025947
CSG-MU (20).	RMSE=0.000019421
CSG-MU (21).	RMSE=0.000013917
CSG-MU (22).	RMSE=0.000011304
CSG-MU (23).	RMSE=0.000008699
Converged.
Frobenius error: 95.27864
Log-likelihood: -58914361.05109
Saved admixture proportions as /users/l/s/lsantane/projects/eco_genomics_2025/population_genomics/myresults/ANGSD/PCA_ADMIX/RSBS_poly_K5.admix.5.Q
Saved ancestral allele frequencies proportions as /users/l/s/lsantane/projects/eco_genomics_2025/population_genomics/myresults/ANGSD/PCA_ADMIX/RSBS_poly_K5.admix.5.P

Total elapsed time: 5m56s
