mkdir: cannot create directory ‘/users/l/s/lsantane/projects/eco_genomics_2025/population_genomics/myresults/ANGSD/PCA_ADMIX’: File exists
------------------------------------
PCAngsd v1.36.1
Jonas Meisner and Anders Albrechtsen
Using 10 thread(s)
------------------------------------

Parsing Beagle file.
Loaded 971934 sites and 113 samples.
Estimating minor allele frequencies.
EM (MAF) converged at iteration: 7
Number of sites after MAF filtering (0.05): 697053

Estimating covariance matrix.
Using 2 principal components (manually selected).
Individual allele frequencies estimated (1).
Individual allele frequencies estimated (2).	RMSE=0.0028539
Individual allele frequencies estimated (3).	RMSE=0.0017146
Individual allele frequencies estimated (4).	RMSE=0.0011759
Individual allele frequencies estimated (5).	RMSE=0.0008572
Individual allele frequencies estimated (6).	RMSE=0.0006484
Individual allele frequencies estimated (7).	RMSE=0.1330374
Individual allele frequencies estimated (8).	RMSE=0.0003949
Individual allele frequencies estimated (9).	RMSE=0.0003158
Individual allele frequencies estimated (10).	RMSE=0.0002548
Individual allele frequencies estimated (11).	RMSE=0.0002094
Individual allele frequencies estimated (12).	RMSE=0.0001754
Individual allele frequencies estimated (13).	RMSE=0.0001484
Individual allele frequencies estimated (14).	RMSE=0.0001277
Individual allele frequencies estimated (15).	RMSE=0.0001112
Individual allele frequencies estimated (16).	RMSE=0.0000989
Individual allele frequencies estimated (17).	RMSE=0.0000893
Individual allele frequencies estimated (18).	RMSE=0.0000810
Individual allele frequencies estimated (19).	RMSE=0.0000755
Individual allele frequencies estimated (20).	RMSE=0.0000705
Individual allele frequencies estimated (21).	RMSE=0.0000663
Individual allele frequencies estimated (22).	RMSE=0.0000631
Individual allele frequencies estimated (23).	RMSE=0.0000604
Individual allele frequencies estimated (24).	RMSE=0.0000581
Individual allele frequencies estimated (25).	RMSE=0.0000560
Individual allele frequencies estimated (26).	RMSE=0.0000544
Individual allele frequencies estimated (27).	RMSE=0.0000526
Individual allele frequencies estimated (28).	RMSE=0.0000511
Individual allele frequencies estimated (29).	RMSE=0.0000499
Individual allele frequencies estimated (30).	RMSE=0.0000485
Individual allele frequencies estimated (31).	RMSE=0.0000472
Individual allele frequencies estimated (32).	RMSE=0.0000461
Individual allele frequencies estimated (33).	RMSE=0.0000449
Individual allele frequencies estimated (34).	RMSE=0.0000437
Individual allele frequencies estimated (35).	RMSE=0.0000425
Individual allele frequencies estimated (36).	RMSE=0.0000416
Individual allele frequencies estimated (37).	RMSE=0.0000404
Individual allele frequencies estimated (38).	RMSE=0.0000392
Individual allele frequencies estimated (39).	RMSE=0.0000381
Individual allele frequencies estimated (40).	RMSE=0.0000370
Individual allele frequencies estimated (41).	RMSE=0.0000360
Individual allele frequencies estimated (42).	RMSE=0.0000349
Individual allele frequencies estimated (43).	RMSE=0.0000338
Individual allele frequencies estimated (44).	RMSE=0.0000328
Individual allele frequencies estimated (45).	RMSE=0.0000318
Individual allele frequencies estimated (46).	RMSE=0.0000306
Individual allele frequencies estimated (47).	RMSE=0.0000295
Individual allele frequencies estimated (48).	RMSE=0.0000284
Individual allele frequencies estimated (49).	RMSE=0.0000274
Individual allele frequencies estimated (50).	RMSE=0.0000266
Individual allele frequencies estimated (51).	RMSE=0.0000254
Individual allele frequencies estimated (52).	RMSE=0.0000245
Individual allele frequencies estimated (53).	RMSE=0.0000234
Individual allele frequencies estimated (54).	RMSE=0.0000224
Individual allele frequencies estimated (55).	RMSE=0.0000214
Individual allele frequencies estimated (56).	RMSE=0.0000205
Individual allele frequencies estimated (57).	RMSE=0.0000196
Individual allele frequencies estimated (58).	RMSE=0.0000189
Individual allele frequencies estimated (59).	RMSE=0.0000179
Individual allele frequencies estimated (60).	RMSE=0.0000170
Individual allele frequencies estimated (61).	RMSE=0.0000162
Individual allele frequencies estimated (62).	RMSE=0.0000154
Individual allele frequencies estimated (63).	RMSE=0.0000146
Individual allele frequencies estimated (64).	RMSE=0.0000141
Individual allele frequencies estimated (65).	RMSE=0.0000132
Individual allele frequencies estimated (66).	RMSE=0.0000127
Individual allele frequencies estimated (67).	RMSE=0.0000119
Individual allele frequencies estimated (68).	RMSE=0.0000113
Individual allele frequencies estimated (69).	RMSE=0.0000108
Individual allele frequencies estimated (70).	RMSE=0.0000101
Individual allele frequencies estimated (71).	RMSE=0.0000094
PCAngsd converged.
Saved covariance matrix as /users/l/s/lsantane/projects/eco_genomics_2025/population_genomics/myresults/ANGSD/PCA_ADMIX/RSBS_poly_K3.cov

Estimating admixture proportions using NMF (CSG-MU).
K=3, Alpha=0.0, Batches=10, Seed=0
CSG-MU (1).	RMSE=0.260921717
CSG-MU (2).	RMSE=0.091781791
CSG-MU (3).	RMSE=0.155791845
CSG-MU (4).	RMSE=0.048786384
CSG-MU (5).	RMSE=0.024863818
CSG-MU (6).	RMSE=0.009633238
CSG-MU (7).	RMSE=0.005138988
CSG-MU (8).	RMSE=0.003224436
CSG-MU (9).	RMSE=0.002244240
CSG-MU (10).	RMSE=0.001500510
CSG-MU (11).	RMSE=0.001109017
CSG-MU (12).	RMSE=0.000812977
CSG-MU (13).	RMSE=0.000607518
CSG-MU (14).	RMSE=0.000455817
CSG-MU (15).	RMSE=0.000360995
CSG-MU (16).	RMSE=0.000285730
CSG-MU (17).	RMSE=0.000223746
CSG-MU (18).	RMSE=0.000176140
CSG-MU (19).	RMSE=0.000145947
CSG-MU (20).	RMSE=0.000117233
CSG-MU (21).	RMSE=0.000094276
CSG-MU (22).	RMSE=0.000078052
CSG-MU (23).	RMSE=0.000063818
CSG-MU (24).	RMSE=0.000049744
CSG-MU (25).	RMSE=0.000042847
CSG-MU (26).	RMSE=0.000033164
CSG-MU (27).	RMSE=0.000030853
CSG-MU (28).	RMSE=0.000022122
CSG-MU (29).	RMSE=0.000019653
CSG-MU (30).	RMSE=0.000018294
CSG-MU (31).	RMSE=0.000013799
CSG-MU (32).	RMSE=0.000012015
CSG-MU (33).	RMSE=0.000006945
Converged.
Frobenius error: 54.59303
Log-likelihood: -59635615.69636
Saved admixture proportions as /users/l/s/lsantane/projects/eco_genomics_2025/population_genomics/myresults/ANGSD/PCA_ADMIX/RSBS_poly_K3.admix.3.Q
Saved ancestral allele frequencies proportions as /users/l/s/lsantane/projects/eco_genomics_2025/population_genomics/myresults/ANGSD/PCA_ADMIX/RSBS_poly_K3.admix.3.P

Total elapsed time: 3m28s
