mkdir: cannot create directory ‘/users/l/s/lsantane/projects/eco_genomics_2025/population_genomics/myresults/ANGSD/PCA_ADMIX’: File exists
cp: cannot stat '/gpfs1/cl/ecogen/pbio6800/PopulationGenomics/ANGSD/K4_RSBS_bam.list': No such file or directory
------------------------------------
PCAngsd v1.36.1
Jonas Meisner and Anders Albrechtsen
Using 10 thread(s)
------------------------------------

Parsing Beagle file.
Loaded 971934 sites and 113 samples.
Estimating minor allele frequencies.
EM (MAF) converged at iteration: 7
Number of sites after MAF filtering (0.05): 697053

Estimating covariance matrix.
Using 3 principal components (manually selected).
Individual allele frequencies estimated (1).
Individual allele frequencies estimated (2).	RMSE=0.0060720
Individual allele frequencies estimated (3).	RMSE=0.0027869
Individual allele frequencies estimated (4).	RMSE=0.0015909
Individual allele frequencies estimated (5).	RMSE=0.0010838
Individual allele frequencies estimated (6).	RMSE=0.1086263
Individual allele frequencies estimated (7).	RMSE=0.0006689
Individual allele frequencies estimated (8).	RMSE=0.0005616
Individual allele frequencies estimated (9).	RMSE=0.0004813
Individual allele frequencies estimated (10).	RMSE=0.0004169
Individual allele frequencies estimated (11).	RMSE=0.0003646
Individual allele frequencies estimated (12).	RMSE=0.0003175
Individual allele frequencies estimated (13).	RMSE=0.0002799
Individual allele frequencies estimated (14).	RMSE=0.0002474
Individual allele frequencies estimated (15).	RMSE=0.0002217
Individual allele frequencies estimated (16).	RMSE=0.0001990
Individual allele frequencies estimated (17).	RMSE=0.0001790
Individual allele frequencies estimated (18).	RMSE=0.0001614
Individual allele frequencies estimated (19).	RMSE=0.0001477
Individual allele frequencies estimated (20).	RMSE=0.0001338
Individual allele frequencies estimated (21).	RMSE=0.0001225
Individual allele frequencies estimated (22).	RMSE=0.0001127
Individual allele frequencies estimated (23).	RMSE=0.0001045
Individual allele frequencies estimated (24).	RMSE=0.0000972
Individual allele frequencies estimated (25).	RMSE=0.0000904
Individual allele frequencies estimated (26).	RMSE=0.0000846
Individual allele frequencies estimated (27).	RMSE=0.0000797
Individual allele frequencies estimated (28).	RMSE=0.0000752
Individual allele frequencies estimated (29).	RMSE=0.0000710
Individual allele frequencies estimated (30).	RMSE=0.0000673
Individual allele frequencies estimated (31).	RMSE=0.0000643
Individual allele frequencies estimated (32).	RMSE=0.0000616
Individual allele frequencies estimated (33).	RMSE=0.0000587
Individual allele frequencies estimated (34).	RMSE=0.0000562
Individual allele frequencies estimated (35).	RMSE=0.0000540
Individual allele frequencies estimated (36).	RMSE=0.0000518
Individual allele frequencies estimated (37).	RMSE=0.0000498
Individual allele frequencies estimated (38).	RMSE=0.0000481
Individual allele frequencies estimated (39).	RMSE=0.0000463
Individual allele frequencies estimated (40).	RMSE=0.0000446
Individual allele frequencies estimated (41).	RMSE=0.0000429
Individual allele frequencies estimated (42).	RMSE=0.0000413
Individual allele frequencies estimated (43).	RMSE=0.0000400
Individual allele frequencies estimated (44).	RMSE=0.0000385
Individual allele frequencies estimated (45).	RMSE=0.0000372
Individual allele frequencies estimated (46).	RMSE=0.0000360
Individual allele frequencies estimated (47).	RMSE=0.0000345
Individual allele frequencies estimated (48).	RMSE=0.0000334
Individual allele frequencies estimated (49).	RMSE=0.0000323
Individual allele frequencies estimated (50).	RMSE=0.0000313
Individual allele frequencies estimated (51).	RMSE=0.0000300
Individual allele frequencies estimated (52).	RMSE=0.0000290
Individual allele frequencies estimated (53).	RMSE=0.0000278
Individual allele frequencies estimated (54).	RMSE=0.0000267
Individual allele frequencies estimated (55).	RMSE=0.0000258
Individual allele frequencies estimated (56).	RMSE=0.0000249
Individual allele frequencies estimated (57).	RMSE=0.0000240
Individual allele frequencies estimated (58).	RMSE=0.0000231
Individual allele frequencies estimated (59).	RMSE=0.0000225
Individual allele frequencies estimated (60).	RMSE=0.0000215
Individual allele frequencies estimated (61).	RMSE=0.0000215
Individual allele frequencies estimated (62).	RMSE=0.0000201
Individual allele frequencies estimated (63).	RMSE=0.0000193
Individual allele frequencies estimated (64).	RMSE=0.0000187
Individual allele frequencies estimated (65).	RMSE=0.0000178
Individual allele frequencies estimated (66).	RMSE=0.0000177
Individual allele frequencies estimated (67).	RMSE=0.0000168
Individual allele frequencies estimated (68).	RMSE=0.0000160
Individual allele frequencies estimated (69).	RMSE=0.0000155
Individual allele frequencies estimated (70).	RMSE=0.0000151
Individual allele frequencies estimated (71).	RMSE=0.0000149
Individual allele frequencies estimated (72).	RMSE=0.0000149
Individual allele frequencies estimated (73).	RMSE=0.0000136
Individual allele frequencies estimated (74).	RMSE=0.0000135
Individual allele frequencies estimated (75).	RMSE=0.0000128
Individual allele frequencies estimated (76).	RMSE=0.0000126
Individual allele frequencies estimated (77).	RMSE=0.0000121
Individual allele frequencies estimated (78).	RMSE=0.0000118
Individual allele frequencies estimated (79).	RMSE=0.0000113
Individual allele frequencies estimated (80).	RMSE=0.0000110
Individual allele frequencies estimated (81).	RMSE=0.0000108
Individual allele frequencies estimated (82).	RMSE=0.0000108
Individual allele frequencies estimated (83).	RMSE=0.0000102
Individual allele frequencies estimated (84).	RMSE=0.0000102
Individual allele frequencies estimated (85).	RMSE=0.0000097
PCAngsd converged.
Saved covariance matrix as /users/l/s/lsantane/projects/eco_genomics_2025/population_genomics/myresults/ANGSD/PCA_ADMIX/RSBS_poly_K4.cov

Estimating admixture proportions using NMF (CSG-MU).
K=4, Alpha=0.0, Batches=10, Seed=0
CSG-MU (1).	RMSE=0.232065889
CSG-MU (2).	RMSE=0.120855384
CSG-MU (3).	RMSE=0.119328531
CSG-MU (4).	RMSE=0.045068448
CSG-MU (5).	RMSE=0.015116450
CSG-MU (6).	RMSE=0.006031000
CSG-MU (7).	RMSE=0.002841743
CSG-MU (8).	RMSE=0.001532587
CSG-MU (9).	RMSE=0.000915895
CSG-MU (10).	RMSE=0.000573194
CSG-MU (11).	RMSE=0.000382982
CSG-MU (12).	RMSE=0.000260559
CSG-MU (13).	RMSE=0.000179773
CSG-MU (14).	RMSE=0.000126532
CSG-MU (15).	RMSE=0.000091575
CSG-MU (16).	RMSE=0.000067156
CSG-MU (17).	RMSE=0.000051147
CSG-MU (18).	RMSE=0.000037049
CSG-MU (19).	RMSE=0.000028712
CSG-MU (20).	RMSE=0.000023289
CSG-MU (21).	RMSE=0.000018859
CSG-MU (22).	RMSE=0.000014445
CSG-MU (23).	RMSE=0.000011125
CSG-MU (24).	RMSE=0.000009067
Converged.
Frobenius error: 74.19154
Log-likelihood: -59268691.70160
Saved admixture proportions as /users/l/s/lsantane/projects/eco_genomics_2025/population_genomics/myresults/ANGSD/PCA_ADMIX/RSBS_poly_K4.admix.4.Q
Saved ancestral allele frequencies proportions as /users/l/s/lsantane/projects/eco_genomics_2025/population_genomics/myresults/ANGSD/PCA_ADMIX/RSBS_poly_K4.admix.4.P

Total elapsed time: 5m2s
